<?xml version="1.0" encoding="UTF-8"?>
<!-- Generated by org.testng.reporters.JUnitXMLReporter -->
<testsuite ignored="1" hostname="SoumyaRaj" failures="0" tests="7" name="Default test" time="0.076" errors="0" timestamp="2023-11-30T16:15:50 IST">
  <testcase classname="TestNG.InvocationCnt" name="index" time="0.01"/>
  <testcase classname="TestNG.InvocationCnt" name="Register" time="0.001"/>
  <testcase classname="TestNG.InvocationCnt" name="Register" time="0.001"/>
  <testcase classname="TestNG.InvocationCnt" name="Register" time="0.002"/>
  <testcase classname="TestNG.InvocationCnt" name="Register" time="0.001"/>
  <testcase classname="TestNG.InvocationCnt" name="Register" time="0.001"/>
  <testcase classname="TestNG.InvocationCnt" name="Admin_Login" time="0.001"/>
  <testcase classname="TestNG.InvocationCnt" name="User_Login" time="0.0">
    <ignored/>
  </testcase> <!-- User_Login -->
</testsuite> <!-- Default test -->
