<?xml version="1.0" encoding="UTF-8"?>
<testng-results ignored="0" total="7" passed="7" failed="0" skipped="0">
  <reporter-output>
  </reporter-output>
  <suite started-at="2023-11-30T16:15:49 IST" name="Default suite" finished-at="2023-11-30T16:15:50 IST" duration-ms="76">
    <groups>
    </groups>
    <test started-at="2023-11-30T16:15:49 IST" name="Default test" finished-at="2023-11-30T16:15:50 IST" duration-ms="76">
      <class name="TestNG.InvocationCnt">
        <test-method signature="index()[pri:-1, instance:TestNG.InvocationCnt@16d04d3d]" started-at="2023-11-30T16:15:50 IST" name="index" finished-at="2023-11-30T16:15:50 IST" duration-ms="10" status="PASS">
          <reporter-output>
          </reporter-output>
        </test-method> <!-- index -->
        <test-method signature="Register()[pri:0, instance:TestNG.InvocationCnt@16d04d3d]" started-at="2023-11-30T16:15:50 IST" name="Register" description="This is RegistrationPage" finished-at="2023-11-30T16:15:50 IST" duration-ms="1" status="PASS">
          <reporter-output>
          </reporter-output>
        </test-method> <!-- Register -->
        <test-method signature="Register()[pri:0, instance:TestNG.InvocationCnt@16d04d3d]" started-at="2023-11-30T16:15:50 IST" name="Register" description="This is RegistrationPage" finished-at="2023-11-30T16:15:50 IST" duration-ms="1" status="PASS">
          <reporter-output>
          </reporter-output>
        </test-method> <!-- Register -->
        <test-method signature="Register()[pri:0, instance:TestNG.InvocationCnt@16d04d3d]" started-at="2023-11-30T16:15:50 IST" name="Register" description="This is RegistrationPage" finished-at="2023-11-30T16:15:50 IST" duration-ms="2" status="PASS">
          <reporter-output>
          </reporter-output>
        </test-method> <!-- Register -->
        <test-method signature="Register()[pri:0, instance:TestNG.InvocationCnt@16d04d3d]" started-at="2023-11-30T16:15:50 IST" name="Register" description="This is RegistrationPage" finished-at="2023-11-30T16:15:50 IST" duration-ms="1" status="PASS">
          <reporter-output>
          </reporter-output>
        </test-method> <!-- Register -->
        <test-method signature="Register()[pri:0, instance:TestNG.InvocationCnt@16d04d3d]" started-at="2023-11-30T16:15:50 IST" name="Register" description="This is RegistrationPage" finished-at="2023-11-30T16:15:50 IST" duration-ms="1" status="PASS">
          <reporter-output>
          </reporter-output>
        </test-method> <!-- Register -->
        <test-method signature="Admin_Login()[pri:1, instance:TestNG.InvocationCnt@16d04d3d]" started-at="2023-11-30T16:15:50 IST" name="Admin_Login" finished-at="2023-11-30T16:15:50 IST" duration-ms="1" status="PASS">
          <reporter-output>
          </reporter-output>
        </test-method> <!-- Admin_Login -->
      </class> <!-- TestNG.InvocationCnt -->
    </test> <!-- Default test -->
  </suite> <!-- Default suite -->
</testng-results>
